#
# There is insufficient memory for the Java Runtime Environment to continue.
# Native memory allocation (malloc) failed to allocate 483312 bytes for Chunk::new
# Possible reasons:
#   The system is out of physical RAM or swap space
#   The process is running with CompressedOops enabled, and the Java Heap may be blocking the growth of the native heap
# Possible solutions:
#   Reduce memory load on the system
#   Increase physical memory or swap space
#   Check if swap backing store is full
#   Decrease Java heap size (-Xmx/-Xms)
#   Decrease number of Java threads
#   Decrease Java thread stack sizes (-Xss)
#   Set larger code cache with -XX:ReservedCodeCacheSize=
#   JVM is running with Unscaled Compressed Oops mode in which the Java heap is
#     placed in the first 4GB address space. The Java Heap base address is the
#     maximum limit for the native heap growth. Please use -XX:HeapBaseMinAddress
#     to set the Java Heap base and to place the Java Heap above 4GB virtual address.
# This output file may be truncated or incomplete.
#
#  Out of Memory Error (arena.cpp:189), pid=2972, tid=9280
#
# JRE version: Java(TM) SE Runtime Environment (17.0.7+8) (build 17.0.7+8-LTS-224)
# Java VM: Java HotSpot(TM) 64-Bit Server VM (17.0.7+8-LTS-224, mixed mode, sharing, tiered, compressed oops, compressed class ptrs, g1 gc, windows-amd64)
# No core dump will be written. Minidumps are not enabled by default on client versions of Windows
#

---------------  S U M M A R Y ------------

Command Line: -Dfile.encoding=UTF-8 -Dstdout.encoding=UTF-8 -Dstderr.encoding=UTF-8 -XX:+ShowCodeDetailsInExceptionMessages com.example.Tournament.TournamentApplication

Host: 12th Gen Intel(R) Core(TM) i5-1235U, 12 cores, 7G,  Windows 11 , 64 bit Build 26100 (10.0.26100.3323)
Time: Sat Mar 15 15:16:52 2025 India Standard Time elapsed time: 34.872229 seconds (0d 0h 0m 34s)

---------------  T H R E A D  ---------------

Current thread (0x00000247fb13d320):  JavaThread "C2 CompilerThread0" daemon [_thread_in_native, id=9280, stack(0x00000096ac500000,0x00000096ac600000)]


Current CompileTask:
C2:  34872 5981       4       jdk.internal.org.objectweb.asm.ClassWriter::visitMethod (57 bytes)

Stack: [0x00000096ac500000,0x00000096ac600000]
Native frames: (J=compiled Java code, j=interpreted, Vv=VM code, C=native code)
V  [jvm.dll+0x676a4a]
V  [jvm.dll+0x7d74f4]
V  [jvm.dll+0x7d8c9e]
V  [jvm.dll+0x7d9303]
V  [jvm.dll+0x2452c5]
V  [jvm.dll+0xaaa2b]
V  [jvm.dll+0xaafcc]
V  [jvm.dll+0x36141e]
V  [jvm.dll+0x32bba1]
V  [jvm.dll+0x32b03a]
V  [jvm.dll+0x217acf]
V  [jvm.dll+0x216f01]
V  [jvm.dll+0x1a35e0]
V  [jvm.dll+0x226a6e]
V  [jvm.dll+0x224e15]
V  [jvm.dll+0x78d05c]
V  [jvm.dll+0x78759a]
V  [jvm.dll+0x675875]
C  [ucrtbase.dll+0x37b0]
C  [KERNEL32.DLL+0x2e8d7]
C  [ntdll.dll+0xbbf6c]


---------------  P R O C E S S  ---------------

Threads class SMR info:
_java_thread_list=0x00000247fd540000, length=30, elements={
0x00000247fb120b90, 0x00000247fb123160, 0x00000247fb136820, 0x00000247fb136de0,
0x00000247fb1373a0, 0x00000247fb13c980, 0x00000247fb13d320, 0x00000247fb14df20,
0x00000247fb151280, 0x00000247fbcf6da0, 0x00000247fbd09fe0, 0x000002478f816010,
0x000002478f8164e0, 0x000002478f9c1810, 0x000002478f4adff0, 0x00000247feb971a0,
0x00000247fccaa2a0, 0x00000247fccaa770, 0x00000247fcca8f60, 0x00000247fcca9430,
0x000002478f871960, 0x000002478f870150, 0x000002478f872300, 0x000002478f8727d0,
0x000002478f870fc0, 0x000002478f871490, 0x000002478f871e30, 0x000002478f870620,
0x000002478f86ee10, 0x00000247fd0f6c30
}

Java Threads: ( => current thread )
  0x00000247fb120b90 JavaThread "Reference Handler" daemon [_thread_blocked, id=7344, stack(0x00000096abf00000,0x00000096ac000000)]
  0x00000247fb123160 JavaThread "Finalizer" daemon [_thread_blocked, id=22644, stack(0x00000096ac000000,0x00000096ac100000)]
  0x00000247fb136820 JavaThread "Signal Dispatcher" daemon [_thread_blocked, id=22312, stack(0x00000096ac100000,0x00000096ac200000)]
  0x00000247fb136de0 JavaThread "Attach Listener" daemon [_thread_blocked, id=20612, stack(0x00000096ac200000,0x00000096ac300000)]
  0x00000247fb1373a0 JavaThread "Service Thread" daemon [_thread_blocked, id=20520, stack(0x00000096ac300000,0x00000096ac400000)]
  0x00000247fb13c980 JavaThread "Monitor Deflation Thread" daemon [_thread_blocked, id=3644, stack(0x00000096ac400000,0x00000096ac500000)]
=>0x00000247fb13d320 JavaThread "C2 CompilerThread0" daemon [_thread_in_native, id=9280, stack(0x00000096ac500000,0x00000096ac600000)]
  0x00000247fb14df20 JavaThread "C1 CompilerThread0" daemon [_thread_blocked, id=2300, stack(0x00000096ac600000,0x00000096ac700000)]
  0x00000247fb151280 JavaThread "Sweeper thread" daemon [_thread_blocked, id=5012, stack(0x00000096ac700000,0x00000096ac800000)]
  0x00000247fbcf6da0 JavaThread "Notification Thread" daemon [_thread_blocked, id=5532, stack(0x00000096ac800000,0x00000096ac900000)]
  0x00000247fbd09fe0 JavaThread "Common-Cleaner" daemon [_thread_blocked, id=22268, stack(0x00000096aca00000,0x00000096acb00000)]
  0x000002478f816010 JavaThread "Catalina-utility-1" [_thread_blocked, id=24788, stack(0x00000096ad800000,0x00000096ad900000)]
  0x000002478f8164e0 JavaThread "Catalina-utility-2" [_thread_blocked, id=4756, stack(0x00000096ad900000,0x00000096ada00000)]
  0x000002478f9c1810 JavaThread "container-0" [_thread_blocked, id=16584, stack(0x00000096ada00000,0x00000096adb00000)]
  0x000002478f4adff0 JavaThread "mysql-cj-abandoned-connection-cleanup" daemon [_thread_blocked, id=24180, stack(0x00000096adb00000,0x00000096adc00000)]
  0x00000247feb971a0 JavaThread "HikariPool-1 housekeeper" daemon [_thread_blocked, id=2052, stack(0x00000096acb00000,0x00000096acc00000)]
  0x00000247fccaa2a0 JavaThread "http-nio-8080-exec-1" daemon [_thread_blocked, id=21652, stack(0x00000096add00000,0x00000096ade00000)]
  0x00000247fccaa770 JavaThread "http-nio-8080-exec-2" daemon [_thread_blocked, id=6424, stack(0x00000096ade00000,0x00000096adf00000)]
  0x00000247fcca8f60 JavaThread "http-nio-8080-exec-3" daemon [_thread_in_native, id=9776, stack(0x00000096adf00000,0x00000096ae000000)]
  0x00000247fcca9430 JavaThread "http-nio-8080-exec-4" daemon [_thread_blocked, id=21684, stack(0x00000096ae000000,0x00000096ae100000)]
  0x000002478f871960 JavaThread "http-nio-8080-exec-5" daemon [_thread_blocked, id=13728, stack(0x00000096ae100000,0x00000096ae200000)]
  0x000002478f870150 JavaThread "http-nio-8080-exec-6" daemon [_thread_blocked, id=12660, stack(0x00000096ae200000,0x00000096ae300000)]
  0x000002478f872300 JavaThread "http-nio-8080-exec-7" daemon [_thread_blocked, id=22112, stack(0x00000096ae300000,0x00000096ae400000)]
  0x000002478f8727d0 JavaThread "http-nio-8080-exec-8" daemon [_thread_blocked, id=24516, stack(0x00000096ae400000,0x00000096ae500000)]
  0x000002478f870fc0 JavaThread "http-nio-8080-exec-9" daemon [_thread_blocked, id=3628, stack(0x00000096ae500000,0x00000096ae600000)]
  0x000002478f871490 JavaThread "http-nio-8080-exec-10" daemon [_thread_blocked, id=7432, stack(0x00000096ae600000,0x00000096ae700000)]
  0x000002478f871e30 JavaThread "http-nio-8080-Poller" daemon [_thread_in_native, id=21524, stack(0x00000096ae700000,0x00000096ae800000)]
  0x000002478f870620 JavaThread "http-nio-8080-Acceptor" daemon [_thread_in_native, id=4328, stack(0x00000096ae800000,0x00000096ae900000)]
  0x000002478f86ee10 JavaThread "DestroyJavaVM" [_thread_blocked, id=3744, stack(0x00000096ab800000,0x00000096ab900000)]
  0x00000247fd0f6c30 JavaThread "C2 CompilerThread1" daemon [_thread_blocked, id=20972, stack(0x00000096adc00000,0x00000096add00000)]

Other Threads:
  0x00000247fb11b2c0 VMThread "VM Thread" [stack: 0x00000096abe00000,0x00000096abf00000] [id=17300]
  0x00000247fbcf7680 WatcherThread [stack: 0x00000096ac900000,0x00000096aca00000] [id=11976]
  0x00000247ebe30100 GCTaskThread "GC Thread#0" [stack: 0x00000096ab900000,0x00000096aba00000] [id=22892]
  0x00000247fc8184a0 GCTaskThread "GC Thread#1" [stack: 0x00000096acc00000,0x00000096acd00000] [id=21536]
  0x00000247fc751930 GCTaskThread "GC Thread#2" [stack: 0x00000096acd00000,0x00000096ace00000] [id=24628]
  0x00000247fc751be0 GCTaskThread "GC Thread#3" [stack: 0x00000096ace00000,0x00000096acf00000] [id=21636]
  0x00000247fc7522a0 GCTaskThread "GC Thread#4" [stack: 0x00000096acf00000,0x00000096ad000000] [id=5484]
  0x00000247fc753560 GCTaskThread "GC Thread#5" [stack: 0x00000096ad000000,0x00000096ad100000] [id=24700]
  0x00000247fce70ce0 GCTaskThread "GC Thread#6" [stack: 0x00000096ad200000,0x00000096ad300000] [id=11844]
  0x00000247fd0a9f70 GCTaskThread "GC Thread#7" [stack: 0x00000096ad300000,0x00000096ad400000] [id=16204]
  0x00000247fcf46590 GCTaskThread "GC Thread#8" [stack: 0x00000096ad400000,0x00000096ad500000] [id=18984]
  0x00000247fcc4e160 GCTaskThread "GC Thread#9" [stack: 0x00000096ad500000,0x00000096ad600000] [id=19024]
  0x00000247ebe407e0 ConcurrentGCThread "G1 Main Marker" [stack: 0x00000096aba00000,0x00000096abb00000] [id=22864]
  0x00000247ebe453c0 ConcurrentGCThread "G1 Conc#0" [stack: 0x00000096abb00000,0x00000096abc00000] [id=20472]
  0x00000247fe4a8670 ConcurrentGCThread "G1 Conc#1" [stack: 0x00000096ad100000,0x00000096ad200000] [id=18900]
  0x00000247fe4a7e60 ConcurrentGCThread "G1 Conc#2" [stack: 0x00000096ad700000,0x00000096ad800000] [id=7208]
  0x00000247fafc34d0 ConcurrentGCThread "G1 Refine#0" [stack: 0x00000096abc00000,0x00000096abd00000] [id=20204]
  0x00000247fafc39a0 ConcurrentGCThread "G1 Service" [stack: 0x00000096abd00000,0x00000096abe00000] [id=22700]

Threads with active compile tasks:
C2 CompilerThread0    34954 5981       4       jdk.internal.org.objectweb.asm.ClassWriter::visitMethod (57 bytes)

VM state: not at safepoint (normal execution)

VM Mutex/Monitor currently owned by a thread: None

Heap address: 0x0000000084e00000, size: 1970 MB, Compressed Oops mode: 32-bit

CDS archive(s) mapped at: [0x0000000800000000-0x0000000800bd0000-0x0000000800bd0000), size 12386304, SharedBaseAddress: 0x0000000800000000, ArchiveRelocationMode: 0.
Compressed class space mapped at: 0x0000000800c00000-0x0000000840c00000, reserved size: 1073741824
Narrow klass base: 0x0000000800000000, Narrow klass shift: 0, Narrow klass range: 0x100000000

GC Precious Log:
 CPUs: 12 total, 12 available
 Memory: 7876M
 Large Page Support: Disabled
 NUMA Support: Disabled
 Compressed Oops: Enabled (32-bit)
 Heap Region Size: 1M
 Heap Min Capacity: 8M
 Heap Initial Capacity: 124M
 Heap Max Capacity: 1970M
 Pre-touch: Disabled
 Parallel Workers: 10
 Concurrent Workers: 3
 Concurrent Refinement Workers: 10
 Periodic GC: Disabled

Heap:
 garbage-first heap   total 71680K, used 50052K [0x0000000084e00000, 0x0000000100000000)
  region size 1024K, 29 young (29696K), 5 survivors (5120K)
 Metaspace       used 69052K, committed 69632K, reserved 1114112K
  class space    used 9343K, committed 9600K, reserved 1048576K

Heap Regions: E=young(eden), S=young(survivor), O=old, HS=humongous(starts), HC=humongous(continues), CS=collection set, F=free, OA=open archive, CA=closed archive, TAMS=top-at-mark-start (previous, next)
|   0|0x0000000084e00000, 0x0000000084f00000, 0x0000000084f00000|100%|HS|  |TAMS 0x0000000084f00000, 0x0000000084e00000| Complete 
|   1|0x0000000084f00000, 0x0000000085000000, 0x0000000085000000|100%|HS|  |TAMS 0x0000000085000000, 0x0000000084f00000| Complete 
|   2|0x0000000085000000, 0x0000000085100000, 0x0000000085100000|100%| O|  |TAMS 0x0000000085100000, 0x0000000085000000| Untracked 
|   3|0x0000000085100000, 0x0000000085200000, 0x0000000085200000|100%| O|  |TAMS 0x0000000085200000, 0x0000000085100000| Untracked 
|   4|0x0000000085200000, 0x0000000085300000, 0x0000000085300000|100%| O|  |TAMS 0x0000000085300000, 0x0000000085200000| Untracked 
|   5|0x0000000085300000, 0x0000000085400000, 0x0000000085400000|100%| O|  |TAMS 0x0000000085400000, 0x0000000085300000| Untracked 
|   6|0x0000000085400000, 0x0000000085500000, 0x0000000085500000|100%| O|  |TAMS 0x0000000085500000, 0x0000000085400000| Untracked 
|   7|0x0000000085500000, 0x0000000085600000, 0x0000000085600000|100%| O|  |TAMS 0x0000000085600000, 0x0000000085500000| Untracked 
|   8|0x0000000085600000, 0x0000000085700000, 0x0000000085700000|100%| O|  |TAMS 0x0000000085700000, 0x0000000085600000| Untracked 
|   9|0x0000000085700000, 0x0000000085800000, 0x0000000085800000|100%| O|  |TAMS 0x0000000085800000, 0x0000000085700000| Untracked 
|  10|0x0000000085800000, 0x0000000085900000, 0x0000000085900000|100%| O|  |TAMS 0x0000000085900000, 0x0000000085800000| Untracked 
|  11|0x0000000085900000, 0x0000000085a00000, 0x0000000085a00000|100%| O|  |TAMS 0x0000000085a00000, 0x0000000085900000| Untracked 
|  12|0x0000000085a00000, 0x0000000085b00000, 0x0000000085b00000|100%| O|  |TAMS 0x0000000085b00000, 0x0000000085a00000| Untracked 
|  13|0x0000000085b00000, 0x0000000085c00000, 0x0000000085c00000|100%| O|  |TAMS 0x0000000085c00000, 0x0000000085b00000| Untracked 
|  14|0x0000000085c00000, 0x0000000085d00000, 0x0000000085d00000|100%| O|  |TAMS 0x0000000085d00000, 0x0000000085c00000| Untracked 
|  15|0x0000000085d00000, 0x0000000085e00000, 0x0000000085e00000|100%| O|  |TAMS 0x0000000085e00000, 0x0000000085d00000| Untracked 
|  16|0x0000000085e00000, 0x0000000085f00000, 0x0000000085f00000|100%| O|  |TAMS 0x0000000085f00000, 0x0000000085e00000| Untracked 
|  17|0x0000000085f00000, 0x0000000085f71600, 0x0000000086000000| 44%| O|  |TAMS 0x0000000085f71600, 0x0000000085f00000| Untracked 
|  18|0x0000000086000000, 0x0000000086100000, 0x0000000086100000|100%| O|  |TAMS 0x0000000086100000, 0x0000000086000000| Untracked 
|  19|0x0000000086100000, 0x0000000086200000, 0x0000000086200000|100%| O|  |TAMS 0x0000000086200000, 0x0000000086100000| Untracked 
|  20|0x0000000086200000, 0x0000000086300000, 0x0000000086300000|100%| O|  |TAMS 0x0000000086300000, 0x0000000086200000| Untracked 
|  21|0x0000000086300000, 0x0000000086400000, 0x0000000086400000|100%| O|  |TAMS 0x0000000086400000, 0x0000000086300000| Untracked 
|  22|0x0000000086400000, 0x0000000086400000, 0x0000000086500000|  0%| F|  |TAMS 0x0000000086400000, 0x0000000086400000| Untracked 
|  23|0x0000000086500000, 0x0000000086500000, 0x0000000086600000|  0%| F|  |TAMS 0x0000000086500000, 0x0000000086500000| Untracked 
|  24|0x0000000086600000, 0x0000000086600000, 0x0000000086700000|  0%| F|  |TAMS 0x0000000086600000, 0x0000000086600000| Untracked 
|  25|0x0000000086700000, 0x0000000086700000, 0x0000000086800000|  0%| F|  |TAMS 0x0000000086700000, 0x0000000086700000| Untracked 
|  26|0x0000000086800000, 0x0000000086800000, 0x0000000086900000|  0%| F|  |TAMS 0x0000000086800000, 0x0000000086800000| Untracked 
|  27|0x0000000086900000, 0x0000000086900000, 0x0000000086a00000|  0%| F|  |TAMS 0x0000000086900000, 0x0000000086900000| Untracked 
|  28|0x0000000086a00000, 0x0000000086a6fa00, 0x0000000086b00000| 43%| O|  |TAMS 0x0000000086a54e00, 0x0000000086a00000| Untracked 
|  29|0x0000000086b00000, 0x0000000086b00000, 0x0000000086c00000|  0%| F|  |TAMS 0x0000000086b00000, 0x0000000086b00000| Untracked 
|  30|0x0000000086c00000, 0x0000000086c00000, 0x0000000086d00000|  0%| F|  |TAMS 0x0000000086c00000, 0x0000000086c00000| Untracked 
|  31|0x0000000086d00000, 0x0000000086d00000, 0x0000000086e00000|  0%| F|  |TAMS 0x0000000086d00000, 0x0000000086d00000| Untracked 
|  32|0x0000000086e00000, 0x0000000086f00000, 0x0000000086f00000|100%| S|CS|TAMS 0x0000000086e00000, 0x0000000086e00000| Complete 
|  33|0x0000000086f00000, 0x0000000087000000, 0x0000000087000000|100%| S|CS|TAMS 0x0000000086f00000, 0x0000000086f00000| Complete 
|  34|0x0000000087000000, 0x0000000087100000, 0x0000000087100000|100%| S|CS|TAMS 0x0000000087000000, 0x0000000087000000| Complete 
|  35|0x0000000087100000, 0x0000000087200000, 0x0000000087200000|100%| S|CS|TAMS 0x0000000087100000, 0x0000000087100000| Complete 
|  36|0x0000000087200000, 0x0000000087300000, 0x0000000087300000|100%| S|CS|TAMS 0x0000000087200000, 0x0000000087200000| Complete 
|  37|0x0000000087300000, 0x0000000087300000, 0x0000000087400000|  0%| F|  |TAMS 0x0000000087300000, 0x0000000087300000| Untracked 
|  38|0x0000000087400000, 0x0000000087400000, 0x0000000087500000|  0%| F|  |TAMS 0x0000000087400000, 0x0000000087400000| Untracked 
|  39|0x0000000087500000, 0x0000000087500000, 0x0000000087600000|  0%| F|  |TAMS 0x0000000087500000, 0x0000000087500000| Untracked 
|  40|0x0000000087600000, 0x0000000087600000, 0x0000000087700000|  0%| F|  |TAMS 0x0000000087600000, 0x0000000087600000| Untracked 
|  41|0x0000000087700000, 0x0000000087700000, 0x0000000087800000|  0%| F|  |TAMS 0x0000000087700000, 0x0000000087700000| Untracked 
|  42|0x0000000087800000, 0x0000000087800000, 0x0000000087900000|  0%| F|  |TAMS 0x0000000087800000, 0x0000000087800000| Untracked 
|  43|0x0000000087900000, 0x0000000087900000, 0x0000000087a00000|  0%| F|  |TAMS 0x0000000087900000, 0x0000000087900000| Untracked 
|  44|0x0000000087a00000, 0x0000000087a00000, 0x0000000087b00000|  0%| F|  |TAMS 0x0000000087a00000, 0x0000000087a00000| Untracked 
|  45|0x0000000087b00000, 0x0000000087b00000, 0x0000000087c00000|  0%| F|  |TAMS 0x0000000087b00000, 0x0000000087b00000| Untracked 
|  46|0x0000000087c00000, 0x0000000087d00000, 0x0000000087d00000|100%| E|  |TAMS 0x0000000087c00000, 0x0000000087c00000| Complete 
|  47|0x0000000087d00000, 0x0000000087e00000, 0x0000000087e00000|100%| E|CS|TAMS 0x0000000087d00000, 0x0000000087d00000| Complete 
|  48|0x0000000087e00000, 0x0000000087f00000, 0x0000000087f00000|100%| E|CS|TAMS 0x0000000087e00000, 0x0000000087e00000| Complete 
|  49|0x0000000087f00000, 0x0000000088000000, 0x0000000088000000|100%| E|CS|TAMS 0x0000000087f00000, 0x0000000087f00000| Complete 
|  50|0x0000000088000000, 0x0000000088100000, 0x0000000088100000|100%| E|CS|TAMS 0x0000000088000000, 0x0000000088000000| Complete 
|  51|0x0000000088100000, 0x0000000088200000, 0x0000000088200000|100%| E|  |TAMS 0x0000000088100000, 0x0000000088100000| Complete 
|  52|0x0000000088200000, 0x0000000088300000, 0x0000000088300000|100%| E|CS|TAMS 0x0000000088200000, 0x0000000088200000| Complete 
|  53|0x0000000088300000, 0x0000000088400000, 0x0000000088400000|100%| E|CS|TAMS 0x0000000088300000, 0x0000000088300000| Complete 
|  54|0x0000000088400000, 0x0000000088500000, 0x0000000088500000|100%| E|CS|TAMS 0x0000000088400000, 0x0000000088400000| Complete 
|  55|0x0000000088500000, 0x0000000088600000, 0x0000000088600000|100%| E|CS|TAMS 0x0000000088500000, 0x0000000088500000| Complete 
|  56|0x0000000088600000, 0x0000000088700000, 0x0000000088700000|100%| E|CS|TAMS 0x0000000088600000, 0x0000000088600000| Complete 
|  57|0x0000000088700000, 0x0000000088800000, 0x0000000088800000|100%| E|CS|TAMS 0x0000000088700000, 0x0000000088700000| Complete 
|  58|0x0000000088800000, 0x0000000088900000, 0x0000000088900000|100%| E|CS|TAMS 0x0000000088800000, 0x0000000088800000| Complete 
|  59|0x0000000088900000, 0x0000000088a00000, 0x0000000088a00000|100%| E|CS|TAMS 0x0000000088900000, 0x0000000088900000| Complete 
|  60|0x0000000088a00000, 0x0000000088b00000, 0x0000000088b00000|100%| E|CS|TAMS 0x0000000088a00000, 0x0000000088a00000| Complete 
|  61|0x0000000088b00000, 0x0000000088c00000, 0x0000000088c00000|100%| E|CS|TAMS 0x0000000088b00000, 0x0000000088b00000| Complete 
|  62|0x0000000088c00000, 0x0000000088d00000, 0x0000000088d00000|100%| E|CS|TAMS 0x0000000088c00000, 0x0000000088c00000| Complete 
|  63|0x0000000088d00000, 0x0000000088e00000, 0x0000000088e00000|100%| E|CS|TAMS 0x0000000088d00000, 0x0000000088d00000| Complete 
|  64|0x0000000088e00000, 0x0000000088f00000, 0x0000000088f00000|100%| E|CS|TAMS 0x0000000088e00000, 0x0000000088e00000| Complete 
|  65|0x0000000088f00000, 0x0000000089000000, 0x0000000089000000|100%| E|CS|TAMS 0x0000000088f00000, 0x0000000088f00000| Complete 
|  66|0x0000000089000000, 0x0000000089100000, 0x0000000089100000|100%| E|CS|TAMS 0x0000000089000000, 0x0000000089000000| Complete 
|  67|0x0000000089100000, 0x0000000089200000, 0x0000000089200000|100%| E|CS|TAMS 0x0000000089100000, 0x0000000089100000| Complete 
|  68|0x0000000089200000, 0x0000000089300000, 0x0000000089300000|100%| E|CS|TAMS 0x0000000089200000, 0x0000000089200000| Complete 
| 123|0x000000008c900000, 0x000000008ca00000, 0x000000008ca00000|100%| E|CS|TAMS 0x000000008c900000, 0x000000008c900000| Complete 

Card table byte_map: [0x00000247f3f80000,0x00000247f4360000] _byte_map_base: 0x00000247f3b59000

Marking Bits (Prev, Next): (CMBitMap*) 0x00000247ebe30750, (CMBitMap*) 0x00000247ebe30710
 Prev Bits: [0x00000247f6610000, 0x00000247f84d8000)
 Next Bits: [0x00000247f4740000, 0x00000247f6608000)

Polling page: 0x00000247e9d10000

Metaspace:

Usage:
  Non-class:     58.31 MB used.
      Class:      9.12 MB used.
       Both:     67.43 MB used.

Virtual space:
  Non-class space:       64.00 MB reserved,      58.62 MB ( 92%) committed,  8 nodes.
      Class space:        1.00 GB reserved,       9.38 MB ( <1%) committed,  1 nodes.
             Both:        1.06 GB reserved,      68.00 MB (  6%) committed. 

Chunk freelists:
   Non-Class:  628.00 KB
       Class:  2.51 MB
        Both:  3.12 MB

MaxMetaspaceSize: unlimited
CompressedClassSpaceSize: 1.00 GB
Initial GC threshold: 21.00 MB
Current GC threshold: 98.38 MB
CDS: on
MetaspaceReclaimPolicy: balanced
 - commit_granule_bytes: 65536.
 - commit_granule_words: 8192.
 - virtual_space_node_default_size: 1048576.
 - enlarge_chunks_in_place: 1.
 - new_chunks_are_fully_committed: 0.
 - uncommit_free_chunks: 1.
 - use_allocation_guard: 0.
 - handle_deallocations: 1.


Internal statistics:

num_allocs_failed_limit: 9.
num_arena_births: 818.
num_arena_deaths: 0.
num_vsnodes_births: 9.
num_vsnodes_deaths: 0.
num_space_committed: 1086.
num_space_uncommitted: 0.
num_chunks_returned_to_freelist: 9.
num_chunks_taken_from_freelist: 3230.
num_chunk_merges: 9.
num_chunk_splits: 2344.
num_chunks_enlarged: 1850.
num_purges: 0.
num_inconsistent_stats: 0.

CodeHeap 'non-profiled nmethods': size=120000Kb used=4042Kb max_used=4042Kb free=115957Kb
 bounds [0x0000024787ad0000, 0x0000024787ed0000, 0x000002478f000000]
CodeHeap 'profiled nmethods': size=120000Kb used=10174Kb max_used=10528Kb free=109825Kb
 bounds [0x0000024780000000, 0x0000024780a60000, 0x0000024787530000]
CodeHeap 'non-nmethods': size=5760Kb used=1363Kb max_used=1411Kb free=4396Kb
 bounds [0x0000024787530000, 0x00000247877a0000, 0x0000024787ad0000]
 total_blobs=5863 nmethods=5167 adapters=608
 compilation: enabled
              stopped_count=0, restarted_count=0
 full_count=0

Compilation events (20 events):
Event: 34.804 Thread 0x00000247fb14df20 nmethod 5995 0x00000247809ade90 code [0x00000247809ae020, 0x00000247809ae138]
Event: 34.804 Thread 0x00000247fb14df20 6000       1       org.hibernate.internal.AbstractSharedSessionContract::getFactory (5 bytes)
Event: 34.804 Thread 0x00000247fb14df20 nmethod 6000 0x0000024787bc7090 code [0x0000024787bc7220, 0x0000024787bc72f8]
Event: 34.804 Thread 0x00000247fb14df20 6002       3       org.apache.tomcat.util.buf.AbstractChunk::recycle (21 bytes)
Event: 34.805 Thread 0x00000247fb14df20 nmethod 6002 0x00000247809adb10 code [0x00000247809adca0, 0x00000247809addb8]
Event: 34.806 Thread 0x00000247fb14df20 6003       3       java.util.HashMap::afterNodeRemoval (1 bytes)
Event: 34.807 Thread 0x00000247fb14df20 nmethod 6003 0x00000247809ad790 code [0x00000247809ad920, 0x00000247809ada38]
Event: 34.809 Thread 0x00000247fb13d320 nmethod 5991 0x0000024787bc6790 code [0x0000024787bc6920, 0x0000024787bc6ef8]
Event: 34.809 Thread 0x00000247fb13d320 5990       4       java.util.Arrays::copyOf (10 bytes)
Event: 34.811 Thread 0x00000247fb14df20 6004       1       com.fasterxml.jackson.core.io.SerializedString::getValue (5 bytes)
Event: 34.812 Thread 0x00000247fb14df20 nmethod 6004 0x0000024787bc6490 code [0x0000024787bc6620, 0x0000024787bc66f8]
Event: 34.812 Thread 0x00000247fb14df20 6005       3       java.lang.String::getChars (54 bytes)
Event: 34.813 Thread 0x00000247fb14df20 nmethod 6005 0x00000247809acf10 code [0x00000247809ad100, 0x00000247809ad578]
Event: 34.813 Thread 0x00000247fb14df20 6006       1       org.apache.tomcat.util.buf.MessageBytes::getByteChunk (5 bytes)
Event: 34.813 Thread 0x00000247fb14df20 nmethod 6006 0x0000024787bc6190 code [0x0000024787bc6320, 0x0000024787bc63f8]
Event: 34.813 Thread 0x00000247fb14df20 6007       1       org.apache.tomcat.util.buf.ByteChunk::getBuffer (5 bytes)
Event: 34.814 Thread 0x00000247fb14df20 nmethod 6007 0x0000024787bc5e90 code [0x0000024787bc6020, 0x0000024787bc60f8]
Event: 34.814 Thread 0x00000247fb13d320 nmethod 5990 0x0000024787ec0510 code [0x0000024787ec0680, 0x0000024787ec0938]
Event: 34.815 Thread 0x00000247fb13d320 5981       4       jdk.internal.org.objectweb.asm.ClassWriter::visitMethod (57 bytes)
Event: 34.859 Thread 0x00000247fd0f6c30 nmethod 5975 0x0000024787ec0a90 code [0x0000024787ec0ce0, 0x0000024787ec2390]

GC Heap History (20 events):
Event: 3.071 GC heap before
{Heap before GC invocations=1 (full 0):
 garbage-first heap   total 126976K, used 36160K [0x0000000084e00000, 0x0000000100000000)
  region size 1024K, 31 young (31744K), 3 survivors (3072K)
 Metaspace       used 13605K, committed 13888K, reserved 1064960K
  class space    used 1670K, committed 1792K, reserved 1048576K
}
Event: 3.089 GC heap after
{Heap after GC invocations=2 (full 0):
 garbage-first heap   total 126976K, used 9956K [0x0000000084e00000, 0x0000000100000000)
  region size 1024K, 3 young (3072K), 3 survivors (3072K)
 Metaspace       used 13605K, committed 13888K, reserved 1064960K
  class space    used 1670K, committed 1792K, reserved 1048576K
}
Event: 6.135 GC heap before
{Heap before GC invocations=2 (full 0):
 garbage-first heap   total 126976K, used 58084K [0x0000000084e00000, 0x0000000100000000)
  region size 1024K, 51 young (52224K), 3 survivors (3072K)
 Metaspace       used 21202K, committed 21504K, reserved 1073152K
  class space    used 2654K, committed 2816K, reserved 1048576K
}
Event: 6.149 GC heap after
{Heap after GC invocations=3 (full 0):
 garbage-first heap   total 126976K, used 14098K [0x0000000084e00000, 0x0000000100000000)
  region size 1024K, 7 young (7168K), 7 survivors (7168K)
 Metaspace       used 21202K, committed 21504K, reserved 1073152K
  class space    used 2654K, committed 2816K, reserved 1048576K
}
Event: 7.531 GC heap before
{Heap before GC invocations=4 (full 0):
 garbage-first heap   total 55296K, used 39698K [0x0000000084e00000, 0x0000000100000000)
  region size 1024K, 32 young (32768K), 7 survivors (7168K)
 Metaspace       used 26327K, committed 26688K, reserved 1073152K
  class space    used 3370K, committed 3520K, reserved 1048576K
}
Event: 7.551 GC heap after
{Heap after GC invocations=5 (full 0):
 garbage-first heap   total 55296K, used 16770K [0x0000000084e00000, 0x0000000100000000)
  region size 1024K, 3 young (3072K), 3 survivors (3072K)
 Metaspace       used 26327K, committed 26688K, reserved 1073152K
  class space    used 3370K, committed 3520K, reserved 1048576K
}
Event: 7.607 GC heap before
{Heap before GC invocations=5 (full 0):
 garbage-first heap   total 55296K, used 16770K [0x0000000084e00000, 0x0000000100000000)
  region size 1024K, 4 young (4096K), 3 survivors (3072K)
 Metaspace       used 26645K, committed 27072K, reserved 1073152K
  class space    used 3402K, committed 3648K, reserved 1048576K
}
Event: 7.617 GC heap after
{Heap after GC invocations=6 (full 0):
 garbage-first heap   total 55296K, used 17501K [0x0000000084e00000, 0x0000000100000000)
  region size 1024K, 1 young (1024K), 1 survivors (1024K)
 Metaspace       used 26645K, committed 27072K, reserved 1073152K
  class space    used 3402K, committed 3648K, reserved 1048576K
}
Event: 8.958 GC heap before
{Heap before GC invocations=6 (full 0):
 garbage-first heap   total 55296K, used 37981K [0x0000000084e00000, 0x0000000100000000)
  region size 1024K, 21 young (21504K), 1 survivors (1024K)
 Metaspace       used 30660K, committed 31104K, reserved 1081344K
  class space    used 3950K, committed 4160K, reserved 1048576K
}
Event: 8.964 GC heap after
{Heap after GC invocations=7 (full 0):
 garbage-first heap   total 83968K, used 18185K [0x0000000084e00000, 0x0000000100000000)
  region size 1024K, 2 young (2048K), 2 survivors (2048K)
 Metaspace       used 30660K, committed 31104K, reserved 1081344K
  class space    used 3950K, committed 4160K, reserved 1048576K
}
Event: 9.802 GC heap before
{Heap before GC invocations=7 (full 0):
 garbage-first heap   total 83968K, used 38665K [0x0000000084e00000, 0x0000000100000000)
  region size 1024K, 23 young (23552K), 2 survivors (2048K)
 Metaspace       used 35627K, committed 35968K, reserved 1081344K
  class space    used 4768K, committed 4928K, reserved 1048576K
}
Event: 9.809 GC heap after
{Heap after GC invocations=8 (full 0):
 garbage-first heap   total 83968K, used 19119K [0x0000000084e00000, 0x0000000100000000)
  region size 1024K, 3 young (3072K), 3 survivors (3072K)
 Metaspace       used 35627K, committed 35968K, reserved 1081344K
  class space    used 4768K, committed 4928K, reserved 1048576K
}
Event: 12.241 GC heap before
{Heap before GC invocations=9 (full 0):
 garbage-first heap   total 71680K, used 59055K [0x0000000084e00000, 0x0000000100000000)
  region size 1024K, 42 young (43008K), 3 survivors (3072K)
 Metaspace       used 48882K, committed 49344K, reserved 1097728K
  class space    used 6382K, committed 6592K, reserved 1048576K
}
Event: 12.250 GC heap after
{Heap after GC invocations=10 (full 0):
 garbage-first heap   total 71680K, used 22483K [0x0000000084e00000, 0x0000000100000000)
  region size 1024K, 6 young (6144K), 6 survivors (6144K)
 Metaspace       used 48882K, committed 49344K, reserved 1097728K
  class space    used 6382K, committed 6592K, reserved 1048576K
}
Event: 14.587 GC heap before
{Heap before GC invocations=10 (full 0):
 garbage-first heap   total 71680K, used 54227K [0x0000000084e00000, 0x0000000100000000)
  region size 1024K, 37 young (37888K), 6 survivors (6144K)
 Metaspace       used 57311K, committed 57792K, reserved 1105920K
  class space    used 7766K, committed 8000K, reserved 1048576K
}
Event: 14.602 GC heap after
{Heap after GC invocations=11 (full 0):
 garbage-first heap   total 71680K, used 24065K [0x0000000084e00000, 0x0000000100000000)
  region size 1024K, 2 young (2048K), 2 survivors (2048K)
 Metaspace       used 57311K, committed 57792K, reserved 1105920K
  class space    used 7766K, committed 8000K, reserved 1048576K
}
Event: 16.085 GC heap before
{Heap before GC invocations=11 (full 0):
 garbage-first heap   total 71680K, used 35329K [0x0000000084e00000, 0x0000000100000000)
  region size 1024K, 15 young (15360K), 2 survivors (2048K)
 Metaspace       used 59845K, committed 60288K, reserved 1105920K
  class space    used 7993K, committed 8192K, reserved 1048576K
}
Event: 16.093 GC heap after
{Heap after GC invocations=12 (full 0):
 garbage-first heap   total 71680K, used 24837K [0x0000000084e00000, 0x0000000100000000)
  region size 1024K, 3 young (3072K), 3 survivors (3072K)
 Metaspace       used 59845K, committed 60288K, reserved 1105920K
  class space    used 7993K, committed 8192K, reserved 1048576K
}
Event: 26.778 GC heap before
{Heap before GC invocations=13 (full 0):
 garbage-first heap   total 71680K, used 55557K [0x0000000084e00000, 0x0000000100000000)
  region size 1024K, 33 young (33792K), 3 survivors (3072K)
 Metaspace       used 63337K, committed 63936K, reserved 1105920K
  class space    used 8545K, committed 8832K, reserved 1048576K
}
Event: 26.806 GC heap after
{Heap after GC invocations=14 (full 0):
 garbage-first heap   total 71680K, used 27524K [0x0000000084e00000, 0x0000000100000000)
  region size 1024K, 5 young (5120K), 5 survivors (5120K)
 Metaspace       used 63337K, committed 63936K, reserved 1105920K
  class space    used 8545K, committed 8832K, reserved 1048576K
}

Deoptimization events (20 events):
Event: 34.241 Thread 0x00000247fccaa2a0 DEOPT PACKING pc=0x00000247808f7542 sp=0x00000096addf9990
Event: 34.241 Thread 0x00000247fccaa2a0 DEOPT UNPACKING pc=0x0000024787582b43 sp=0x00000096addf8e80 mode 0
Event: 34.249 Thread 0x00000247fccaa2a0 DEOPT PACKING pc=0x00000247808f7542 sp=0x00000096addf9620
Event: 34.249 Thread 0x00000247fccaa2a0 DEOPT UNPACKING pc=0x0000024787582b43 sp=0x00000096addf8b10 mode 0
Event: 34.251 Thread 0x00000247fccaa2a0 DEOPT PACKING pc=0x00000247808f7542 sp=0x00000096addf9620
Event: 34.251 Thread 0x00000247fccaa2a0 DEOPT UNPACKING pc=0x0000024787582b43 sp=0x00000096addf8b10 mode 0
Event: 34.263 Thread 0x00000247fccaa2a0 DEOPT PACKING pc=0x00000247808f7542 sp=0x00000096addf9620
Event: 34.263 Thread 0x00000247fccaa2a0 DEOPT UNPACKING pc=0x0000024787582b43 sp=0x00000096addf8b10 mode 0
Event: 34.269 Thread 0x00000247fccaa2a0 DEOPT PACKING pc=0x00000247808f7542 sp=0x00000096addf9620
Event: 34.269 Thread 0x00000247fccaa2a0 DEOPT UNPACKING pc=0x0000024787582b43 sp=0x00000096addf8b10 mode 0
Event: 34.273 Thread 0x00000247fccaa2a0 DEOPT PACKING pc=0x00000247808f7542 sp=0x00000096addf9620
Event: 34.273 Thread 0x00000247fccaa2a0 DEOPT UNPACKING pc=0x0000024787582b43 sp=0x00000096addf8b10 mode 0
Event: 34.452 Thread 0x00000247fccaa2a0 Uncommon trap: trap_request=0xffffffde fr.pc=0x0000024787aebb6c relative=0x00000000000001cc
Event: 34.452 Thread 0x00000247fccaa2a0 Uncommon trap: reason=class_check action=maybe_recompile pc=0x0000024787aebb6c method=java.lang.reflect.Array.newInstance(Ljava/lang/Class;I)Ljava/lang/Object; @ 2 c2
Event: 34.452 Thread 0x00000247fccaa2a0 DEOPT PACKING pc=0x0000024787aebb6c sp=0x00000096addfaa70
Event: 34.452 Thread 0x00000247fccaa2a0 DEOPT UNPACKING pc=0x00000247875823a3 sp=0x00000096addfaa28 mode 2
Event: 34.774 Thread 0x00000247fcca8f60 Uncommon trap: trap_request=0xffffff45 fr.pc=0x0000024787baad2c relative=0x000000000000018c
Event: 34.774 Thread 0x00000247fcca8f60 Uncommon trap: reason=unstable_if action=reinterpret pc=0x0000024787baad2c method=java.util.HashMap.getNode(Ljava/lang/Object;)Ljava/util/HashMap$Node; @ 66 c2
Event: 34.774 Thread 0x00000247fcca8f60 DEOPT PACKING pc=0x0000024787baad2c sp=0x00000096adffcc40
Event: 34.774 Thread 0x00000247fcca8f60 DEOPT UNPACKING pc=0x00000247875823a3 sp=0x00000096adffcb58 mode 2

Classes unloaded (0 events):
No events

Classes redefined (0 events):
No events

Internal exceptions (20 events):
Event: 16.800 Thread 0x00000247ebdd6ec0 Exception <a 'java/lang/IncompatibleClassChangeError'{0x00000000890b62e0}: Found class java.lang.Object, but interface was expected> (0x00000000890b62e0) 
thrown [s\open\src\hotspot\share\interpreter\linkResolver.cpp, line 826]
Event: 17.280 Thread 0x00000247ebdd6ec0 Exception <a 'java/lang/NoSuchMethodError'{0x0000000088ec60f0}: 'int java.lang.invoke.DirectMethodHandle$Holder.invokeStaticInit(java.lang.Object, int, java.lang.Object, java.lang.Object, java.lang.Object, java.lang.Object)'> (0x0000000088ec60f0) 
thrown [s\open\src\hotspot\share\interpreter\linkResolver.cpp, line 759]
Event: 21.462 Thread 0x00000247ebdd6ec0 Exception <a 'sun/nio/fs/WindowsException'{0x0000000087f7a238}> (0x0000000087f7a238) 
thrown [s\open\src\hotspot\share\prims\jni.cpp, line 516]
Event: 22.247 Thread 0x00000247ebdd6ec0 Exception <a 'java/lang/IncompatibleClassChangeError'{0x0000000087df8698}: Found class java.lang.Object, but interface was expected> (0x0000000087df8698) 
thrown [s\open\src\hotspot\share\interpreter\linkResolver.cpp, line 826]
Event: 22.747 Thread 0x00000247ebdd6ec0 Exception <a 'java/lang/NoSuchMethodError'{0x0000000087bbb2b0}: 'void java.lang.invoke.DirectMethodHandle$Holder.invokeVirtual(java.lang.Object, java.lang.Object, long)'> (0x0000000087bbb2b0) 
thrown [s\open\src\hotspot\share\interpreter\linkResolver.cpp, line 759]
Event: 24.374 Thread 0x00000247ebdd6ec0 Exception <a 'java/lang/IncompatibleClassChangeError'{0x00000000877da630}: Found class java.lang.Object, but interface was expected> (0x00000000877da630) 
thrown [s\open\src\hotspot\share\interpreter\linkResolver.cpp, line 826]
Event: 24.525 Thread 0x00000247ebdd6ec0 Implicit null exception at 0x0000024787c1d25a to 0x0000024787c1d490
Event: 25.221 Thread 0x00000247ebdd6ec0 Exception <a 'java/lang/NoSuchMethodError'{0x00000000875397b0}: 'java.lang.Object java.lang.invoke.DirectMethodHandle$Holder.invokeSpecial(java.lang.Object, java.lang.Object, java.lang.Object, java.lang.Object, java.lang.Object, java.lang.Object, java.lang.Object, java.lang.Object, java.lang.Object, java.lang.Object, java.lang.Object)'> (0x00000000875397b0) 
thrown [s\open\src\hotspot\share\interpreter\linkResolver.cpp, line 759]
Event: 25.223 Thread 0x00000247ebdd6ec0 Exception <a 'java/lang/NoSuchMethodError'{0x000000008753dbe0}: 'java.lang.Object java.lang.invoke.Invokers$Holder.invoke_MT(java.lang.Object, java.lang.Object, java.lang.Object, java.lang.Object, java.lang.Object, java.lang.Object, java.lang.Object, java.lang.Object, java.lang.Object, java.lang.Object, java.lang.Object)'> (0x000000008753dbe0) 
thrown [s\open\src\hotspot\share\interpreter\linkResolver.cpp, line 759]
Event: 26.704 Thread 0x00000247ebdd6ec0 Exception <a 'java/lang/NoSuchMethodError'{0x00000000873cf010}: 'java.lang.Object java.lang.invoke.DirectMethodHandle$Holder.newInvokeSpecial(java.lang.Object, java.lang.Object, int, java.lang.Object, java.lang.Object)'> (0x00000000873cf010) 
thrown [s\open\src\hotspot\share\interpreter\linkResolver.cpp, line 759]
Event: 32.982 Thread 0x00000247fccaa770 Exception <a 'java/lang/NoSuchMethodError'{0x0000000088f77df8}: 'java.lang.Object java.lang.invoke.DirectMethodHandle$Holder.invokeSpecial(java.lang.Object, java.lang.Object, java.lang.Object, java.lang.Object, java.lang.Object, long)'> (0x0000000088f77df8) 
thrown [s\open\src\hotspot\share\interpreter\linkResolver.cpp, line 759]
Event: 32.983 Thread 0x00000247fccaa770 Exception <a 'java/lang/NoSuchMethodError'{0x0000000088f7b838}: 'java.lang.Object java.lang.invoke.Invokers$Holder.linkToTargetMethod(java.lang.Object, java.lang.Object, java.lang.Object, long, java.lang.Object)'> (0x0000000088f7b838) 
thrown [s\open\src\hotspot\share\interpreter\linkResolver.cpp, line 759]
Event: 33.862 Thread 0x00000247fccaa2a0 Exception <a 'java/lang/NoSuchMethodError'{0x00000000887e10c8}: 'java.lang.Object java.lang.invoke.DirectMethodHandle$Holder.invokeInterface(java.lang.Object, java.lang.Object, java.lang.Object, java.lang.Object)'> (0x00000000887e10c8) 
thrown [s\open\src\hotspot\share\interpreter\linkResolver.cpp, line 759]
Event: 33.862 Thread 0x00000247fccaa770 Exception <a 'java/lang/NoSuchMethodError'{0x00000000887bae90}: 'java.lang.Object java.lang.invoke.DirectMethodHandle$Holder.invokeInterface(java.lang.Object, java.lang.Object, java.lang.Object, java.lang.Object)'> (0x00000000887bae90) 
thrown [s\open\src\hotspot\share\interpreter\linkResolver.cpp, line 759]
Event: 33.924 Thread 0x00000247fccaa770 Exception <a 'java/lang/IncompatibleClassChangeError'{0x00000000886829c8}: Found class java.lang.Object, but interface was expected> (0x00000000886829c8) 
thrown [s\open\src\hotspot\share\interpreter\linkResolver.cpp, line 826]
Event: 33.924 Thread 0x00000247fccaa2a0 Exception <a 'java/lang/IncompatibleClassChangeError'{0x0000000088673fa8}: Found class java.lang.Object, but interface was expected> (0x0000000088673fa8) 
thrown [s\open\src\hotspot\share\interpreter\linkResolver.cpp, line 826]
Event: 34.465 Thread 0x00000247fccaa2a0 Exception <a 'java/lang/IncompatibleClassChangeError'{0x0000000087f6b7b0}: Found class java.lang.Object, but interface was expected> (0x0000000087f6b7b0) 
thrown [s\open\src\hotspot\share\interpreter\linkResolver.cpp, line 826]
Event: 34.765 Thread 0x00000247fccaa2a0 Exception <a 'java/io/IOException'{0x0000000087c747b8}> (0x0000000087c747b8) 
thrown [s\open\src\hotspot\share\prims\jni.cpp, line 516]
Event: 34.784 Thread 0x00000247fccaa2a0 Exception <a 'java/lang/NoSuchMethodError'{0x0000000087cbbd68}: 'java.lang.Object java.lang.invoke.Invokers$Holder.invoke_MT(java.lang.Object, java.lang.Object, java.lang.Object, java.lang.Object, java.lang.Object, java.lang.Object, java.lang.Object, java.lang.Object, java.lang.Object)'> (0x0000000087cbbd68) 
thrown [s\open\src\hotspot\share\interpreter\linkResolver.cpp, line 759]
Event: 34.803 Thread 0x00000247fccaa2a0 Exception <a 'java/io/IOException'{0x0000000087ce21c0}> (0x0000000087ce21c0) 
thrown [s\open\src\hotspot\share\prims\jni.cpp, line 516]

VM Operations (20 events):
Event: 26.059 Executing VM operation: Cleanup
Event: 26.092 Executing VM operation: Cleanup done
Event: 26.777 Executing VM operation: G1CollectForAllocation
Event: 26.806 Executing VM operation: G1CollectForAllocation done
Event: 27.808 Executing VM operation: Cleanup
Event: 27.808 Executing VM operation: Cleanup done
Event: 33.035 Executing VM operation: HandshakeAllThreads
Event: 33.036 Executing VM operation: HandshakeAllThreads done
Event: 33.036 Executing VM operation: Cleanup
Event: 33.036 Executing VM operation: Cleanup done
Event: 33.399 Executing VM operation: HandshakeAllThreads
Event: 33.399 Executing VM operation: HandshakeAllThreads done
Event: 34.414 Executing VM operation: Cleanup
Event: 34.415 Executing VM operation: Cleanup done
Event: 34.515 Executing VM operation: HandshakeAllThreads
Event: 34.515 Executing VM operation: HandshakeAllThreads done
Event: 34.653 Executing VM operation: HandshakeAllThreads
Event: 34.653 Executing VM operation: HandshakeAllThreads done
Event: 34.653 Executing VM operation: HandshakeAllThreads
Event: 34.653 Executing VM operation: HandshakeAllThreads done

Events (20 events):
Event: 34.060 loading class java/util/AbstractMap$SimpleEntry done
Event: 34.157 loading class java/util/regex/Pattern$Bound
Event: 34.157 loading class java/util/regex/Pattern$Bound done
Event: 34.430 loading class jdk/internal/reflect/UnsafeDoubleFieldAccessorImpl
Event: 34.431 loading class jdk/internal/reflect/UnsafeDoubleFieldAccessorImpl done
Event: 34.549 loading class java/util/OptionalLong
Event: 34.550 loading class java/util/OptionalLong done
Event: 34.550 loading class java/util/OptionalDouble
Event: 34.550 loading class java/util/OptionalDouble done
Event: 34.637 loading class java/util/stream/LongStream
Event: 34.637 loading class java/util/stream/LongStream done
Event: 34.637 loading class java/util/stream/DoubleStream
Event: 34.638 loading class java/util/stream/DoubleStream done
Event: 34.658 Thread 0x00000247fb151280 flushing nmethod 0x0000024780138410
Event: 34.660 Thread 0x00000247fb151280 flushing nmethod 0x000002478031ff10
Event: 34.660 Thread 0x00000247fb151280 flushing nmethod 0x0000024780320710
Event: 34.694 loading class org/w3c/dom/Node
Event: 34.694 loading class org/w3c/dom/Node done
Event: 34.694 loading class org/w3c/dom/Document
Event: 34.695 loading class org/w3c/dom/Document done


Dynamic libraries:
0x00007ff614330000 - 0x00007ff614340000 	C:\Program Files\Java\jdk-17\bin\javaw.exe
0x00007ffd8ab80000 - 0x00007ffd8ade3000 	C:\WINDOWS\SYSTEM32\ntdll.dll
0x00007ffd88e40000 - 0x00007ffd88f07000 	C:\WINDOWS\System32\KERNEL32.DLL
0x00007ffd881a0000 - 0x00007ffd88569000 	C:\WINDOWS\System32\KERNELBASE.dll
0x00007ffd87fa0000 - 0x00007ffd880ec000 	C:\WINDOWS\System32\ucrtbase.dll
0x00007ffd7f260000 - 0x00007ffd7f27b000 	C:\Program Files\Java\jdk-17\bin\VCRUNTIME140.dll
0x00007ffd7a210000 - 0x00007ffd7a229000 	C:\Program Files\Java\jdk-17\bin\jli.dll
0x00007ffd88a30000 - 0x00007ffd88ae2000 	C:\WINDOWS\System32\ADVAPI32.dll
0x00007ffd897c0000 - 0x00007ffd89869000 	C:\WINDOWS\System32\msvcrt.dll
0x00007ffd8a570000 - 0x00007ffd8a616000 	C:\WINDOWS\System32\sechost.dll
0x00007ffd8a300000 - 0x00007ffd8a416000 	C:\WINDOWS\System32\RPCRT4.dll
0x00007ffd89940000 - 0x00007ffd89b0a000 	C:\WINDOWS\System32\USER32.dll
0x00007ffd87ee0000 - 0x00007ffd87f07000 	C:\WINDOWS\System32\win32u.dll
0x00007ffd8a9b0000 - 0x00007ffd8a9da000 	C:\WINDOWS\System32\GDI32.dll
0x00007ffd88570000 - 0x00007ffd886a1000 	C:\WINDOWS\System32\gdi32full.dll
0x00007ffd880f0000 - 0x00007ffd88193000 	C:\WINDOWS\System32\msvcp_win.dll
0x00007ffd66ea0000 - 0x00007ffd67130000 	C:\WINDOWS\WinSxS\amd64_microsoft.windows.common-controls_6595b64144ccf1df_6.0.26100.3323_none_3e088096e3344490\COMCTL32.dll
0x00007ffd77ff0000 - 0x00007ffd77ffb000 	C:\WINDOWS\SYSTEM32\VERSION.dll
0x00007ffd8a530000 - 0x00007ffd8a55f000 	C:\WINDOWS\System32\IMM32.DLL
0x00007ffd825b0000 - 0x00007ffd825bc000 	C:\Program Files\Java\jdk-17\bin\vcruntime140_1.dll
0x00007ffd3e8e0000 - 0x00007ffd3e96e000 	C:\Program Files\Java\jdk-17\bin\msvcp140.dll
0x00007ffcf1df0000 - 0x00007ffcf29cd000 	C:\Program Files\Java\jdk-17\bin\server\jvm.dll
0x00007ffd897b0000 - 0x00007ffd897b8000 	C:\WINDOWS\System32\PSAPI.DLL
0x00007ffd84430000 - 0x00007ffd84466000 	C:\WINDOWS\SYSTEM32\WINMM.dll
0x00007ffd70900000 - 0x00007ffd7090a000 	C:\WINDOWS\SYSTEM32\WSOCK32.dll
0x00007ffd89b10000 - 0x00007ffd89b84000 	C:\WINDOWS\System32\WS2_32.dll
0x00007ffd86ba0000 - 0x00007ffd86bba000 	C:\WINDOWS\SYSTEM32\kernel.appcore.dll
0x00007ffd7efa0000 - 0x00007ffd7efaa000 	C:\Program Files\Java\jdk-17\bin\jimage.dll
0x00007ffd85460000 - 0x00007ffd856a1000 	C:\WINDOWS\SYSTEM32\DBGHELP.DLL
0x00007ffd8a620000 - 0x00007ffd8a9a2000 	C:\WINDOWS\System32\combase.dll
0x00007ffd8aa60000 - 0x00007ffd8ab36000 	C:\WINDOWS\System32\OLEAUT32.dll
0x00007ffd729a0000 - 0x00007ffd729d9000 	C:\WINDOWS\SYSTEM32\dbgcore.DLL
0x00007ffd87e40000 - 0x00007ffd87ed9000 	C:\WINDOWS\System32\bcryptPrimitives.dll
0x00007ffd65ec0000 - 0x00007ffd65ee5000 	C:\Program Files\Java\jdk-17\bin\java.dll
0x00007ffd3ca20000 - 0x00007ffd3caf7000 	C:\Program Files\Java\jdk-17\bin\jsvml.dll
0x00007ffd88f10000 - 0x00007ffd89625000 	C:\WINDOWS\System32\SHELL32.dll
0x00007ffd88830000 - 0x00007ffd88998000 	C:\WINDOWS\System32\wintypes.dll
0x00007ffd85a30000 - 0x00007ffd86275000 	C:\WINDOWS\SYSTEM32\windows.storage.dll
0x00007ffd896c0000 - 0x00007ffd897ab000 	C:\WINDOWS\System32\SHCORE.dll
0x00007ffd8a4d0000 - 0x00007ffd8a52d000 	C:\WINDOWS\System32\shlwapi.dll
0x00007ffd87c90000 - 0x00007ffd87cbf000 	C:\WINDOWS\SYSTEM32\profapi.dll
0x00007ffd79a10000 - 0x00007ffd79a29000 	C:\Program Files\Java\jdk-17\bin\net.dll
0x00007ffd80570000 - 0x00007ffd8068e000 	C:\WINDOWS\SYSTEM32\WINHTTP.dll
0x00007ffd870c0000 - 0x00007ffd8712a000 	C:\WINDOWS\system32\mswsock.dll
0x00007ffd79550000 - 0x00007ffd79566000 	C:\Program Files\Java\jdk-17\bin\nio.dll
0x00007ffd76410000 - 0x00007ffd76428000 	C:\Program Files\Java\jdk-17\bin\zip.dll
0x00007ffd7a060000 - 0x00007ffd7a06d000 	C:\Program Files\Java\jdk-17\bin\sunmscapi.dll
0x00007ffd886b0000 - 0x00007ffd88827000 	C:\WINDOWS\System32\CRYPT32.dll
0x00007ffd87560000 - 0x00007ffd87590000 	C:\WINDOWS\SYSTEM32\ncrypt.dll
0x00007ffd87510000 - 0x00007ffd8754f000 	C:\WINDOWS\SYSTEM32\NTASN1.dll
0x00007ffd87360000 - 0x00007ffd8737c000 	C:\WINDOWS\SYSTEM32\CRYPTSP.dll
0x00007ffd86b00000 - 0x00007ffd86b3a000 	C:\WINDOWS\system32\rsaenh.dll
0x00007ffd87160000 - 0x00007ffd8718b000 	C:\WINDOWS\SYSTEM32\USERENV.dll
0x00007ffd875a0000 - 0x00007ffd875c6000 	C:\WINDOWS\SYSTEM32\bcrypt.dll
0x00007ffd87380000 - 0x00007ffd8738c000 	C:\WINDOWS\SYSTEM32\CRYPTBASE.dll
0x00007ffd865a0000 - 0x00007ffd865d3000 	C:\WINDOWS\SYSTEM32\IPHLPAPI.DLL
0x00007ffd89d30000 - 0x00007ffd89d3a000 	C:\WINDOWS\System32\NSI.dll
0x00007ffd83020000 - 0x00007ffd8303f000 	C:\WINDOWS\SYSTEM32\dhcpcsvc6.DLL
0x00007ffd82ec0000 - 0x00007ffd82ee5000 	C:\WINDOWS\SYSTEM32\dhcpcsvc.DLL
0x00007ffd865e0000 - 0x00007ffd86705000 	C:\WINDOWS\SYSTEM32\DNSAPI.dll
0x00007ffd77180000 - 0x00007ffd7718a000 	C:\Program Files\Java\jdk-17\bin\management.dll
0x00007ffd77110000 - 0x00007ffd7711b000 	C:\Program Files\Java\jdk-17\bin\management_ext.dll
0x00007ffd7a200000 - 0x00007ffd7a210000 	C:\Program Files\Java\jdk-17\bin\verify.dll
0x00007ffd825a0000 - 0x00007ffd825ab000 	C:\Windows\System32\rasadhlp.dll
0x00007ffd83290000 - 0x00007ffd83315000 	C:\WINDOWS\System32\fwpuclnt.dll
0x00007ffd64a70000 - 0x00007ffd64a78000 	C:\WINDOWS\system32\wshunix.dll

dbghelp: loaded successfully - version: 4.0.5 - missing functions: none
symbol engine: initialized successfully - sym options: 0x614 - pdb path: .;C:\Program Files\Java\jdk-17\bin;C:\WINDOWS\SYSTEM32;C:\WINDOWS\WinSxS\amd64_microsoft.windows.common-controls_6595b64144ccf1df_6.0.26100.3323_none_3e088096e3344490;C:\Program Files\Java\jdk-17\bin\server

VM Arguments:
jvm_args: -Dfile.encoding=UTF-8 -Dstdout.encoding=UTF-8 -Dstderr.encoding=UTF-8 -XX:+ShowCodeDetailsInExceptionMessages 
java_command: com.example.Tournament.TournamentApplication
java_class_path (initial): C:\Users\kunal\git\Sports-Management-System\Tournament\target\classes;C:\Users\kunal\.m2\repository\org\springframework\boot\spring-boot-starter-data-jpa\3.4.1\spring-boot-starter-data-jpa-3.4.1.jar;C:\Users\kunal\.m2\repository\org\springframework\boot\spring-boot-starter\3.4.1\spring-boot-starter-3.4.1.jar;C:\Users\kunal\.m2\repository\org\springframework\boot\spring-boot\3.4.1\spring-boot-3.4.1.jar;C:\Users\kunal\.m2\repository\org\springframework\boot\spring-boot-autoconfigure\3.4.1\spring-boot-autoconfigure-3.4.1.jar;C:\Users\kunal\.m2\repository\org\springframework\boot\spring-boot-starter-logging\3.4.1\spring-boot-starter-logging-3.4.1.jar;C:\Users\kunal\.m2\repository\ch\qos\logback\logback-classic\1.5.12\logback-classic-1.5.12.jar;C:\Users\kunal\.m2\repository\ch\qos\logback\logback-core\1.5.12\logback-core-1.5.12.jar;C:\Users\kunal\.m2\repository\org\apache\logging\log4j\log4j-to-slf4j\2.24.3\log4j-to-slf4j-2.24.3.jar;C:\Users\kunal\.m2\repository\org\apache\logging\log4j\log4j-api\2.24.3\log4j-api-2.24.3.jar;C:\Users\kunal\.m2\repository\org\slf4j\jul-to-slf4j\2.0.16\jul-to-slf4j-2.0.16.jar;C:\Users\kunal\.m2\repository\jakarta\annotation\jakarta.annotation-api\2.1.1\jakarta.annotation-api-2.1.1.jar;C:\Users\kunal\.m2\repository\org\yaml\snakeyaml\2.3\snakeyaml-2.3.jar;C:\Users\kunal\.m2\repository\org\springframework\boot\spring-boot-starter-jdbc\3.4.1\spring-boot-starter-jdbc-3.4.1.jar;C:\Users\kunal\.m2\repository\com\zaxxer\HikariCP\5.1.0\HikariCP-5.1.0.jar;C:\Users\kunal\.m2\repository\org\springframework\spring-jdbc\6.2.1\spring-jdbc-6.2.1.jar;C:\Users\kunal\.m2\repository\org\hibernate\orm\hibernate-core\6.6.4.Final\hibernate-core-6.6.4.Final.jar;C:\Users\kunal\.m2\repository\jakarta\persistence\jakarta.persistence-api\3.1.0\jakarta.persistence-api-3.1.0.jar;C:\Users\kunal\.m2\repository\jakarta\transaction\jakarta.transaction-api\2.0.1\jakarta.transaction-api-2.0.1.jar;C:\Users\kunal\.m2\repository\org\jboss\logging\jb
Launcher Type: SUN_STANDARD

[Global flags]
     intx CICompilerCount                          = 4                                         {product} {ergonomic}
     uint ConcGCThreads                            = 3                                         {product} {ergonomic}
     uint G1ConcRefinementThreads                  = 10                                        {product} {ergonomic}
   size_t G1HeapRegionSize                         = 1048576                                   {product} {ergonomic}
    uintx GCDrainStackTargetSize                   = 64                                        {product} {ergonomic}
   size_t InitialHeapSize                          = 130023424                                 {product} {ergonomic}
   size_t MarkStackSize                            = 4194304                                   {product} {ergonomic}
   size_t MaxHeapSize                              = 2065694720                                {product} {ergonomic}
   size_t MaxNewSize                               = 1239416832                                {product} {ergonomic}
   size_t MinHeapDeltaBytes                        = 1048576                                   {product} {ergonomic}
   size_t MinHeapSize                              = 8388608                                   {product} {ergonomic}
    uintx NonNMethodCodeHeapSize                   = 5839372                                {pd product} {ergonomic}
    uintx NonProfiledCodeHeapSize                  = 122909434                              {pd product} {ergonomic}
    uintx ProfiledCodeHeapSize                     = 122909434                              {pd product} {ergonomic}
    uintx ReservedCodeCacheSize                    = 251658240                              {pd product} {ergonomic}
     bool SegmentedCodeCache                       = true                                      {product} {ergonomic}
     bool ShowCodeDetailsInExceptionMessages       = true                                   {manageable} {command line}
   size_t SoftMaxHeapSize                          = 2065694720                             {manageable} {ergonomic}
     bool UseCompressedClassPointers               = true                           {product lp64_product} {ergonomic}
     bool UseCompressedOops                        = true                           {product lp64_product} {ergonomic}
     bool UseG1GC                                  = true                                      {product} {ergonomic}
     bool UseLargePagesIndividualAllocation        = false                                  {pd product} {ergonomic}

Logging:
Log output configuration:
 #0: stdout all=warning uptime,level,tags
 #1: stderr all=off uptime,level,tags

Environment Variables:
PATH=C:\oraclexe\app\oracle\product\11.2.0\server\bin;C:\Program Files\Common Files\Oracle\Java\javapath;C:\Program Files (x86)\Common Files\Oracle\Java\javapath;C:\WINDOWS\system32;C:\WINDOWS;C:\WINDOWS\System32\Wbem;C:\WINDOWS\System32\WindowsPowerShell\v1.0\;C:\WINDOWS\System32\OpenSSH\;C:\Program Files\dotnet\;C:\Program Files\nodejs\;C:\Program Files\GitHub CLI\;C:\Program Files\Git\cmd;C:\Program Files\Git\mingw64\bin;C:\Program Files\Git\usr\bin;C:\Users\kunal\AppData\Local\Microsoft\WindowsApps;;C:\Users\kunal\AppData\Local\Programs\Microsoft VS Code\bin;C:\Users\kunal\AppData\Roaming\npm
USERNAME=kunal
OS=Windows_NT
PROCESSOR_IDENTIFIER=Intel64 Family 6 Model 154 Stepping 4, GenuineIntel



---------------  S Y S T E M  ---------------

OS:
 Windows 11 , 64 bit Build 26100 (10.0.26100.3323)
OS uptime: 3 days 0:35 hours
Hyper-V role detected

CPU: total 12 (initial active 12) (6 cores per cpu, 2 threads per core) family 6 model 154 stepping 4 microcode 0x435, cx8, cmov, fxsr, ht, mmx, 3dnowpref, sse, sse2, sse3, ssse3, sse4.1, sse4.2, popcnt, lzcnt, tsc, tscinvbit, avx, avx2, aes, erms, clmul, bmi1, bmi2, adx, sha, fma, vzeroupper, clflush, clflushopt, clwb, hv

Memory: 4k page, system-wide physical 7876M (912M free)
TotalPageFile size 17991M (AvailPageFile size 0M)
current process WorkingSet (physical memory assigned to process): 236M, peak: 270M
current process commit charge ("private bytes"): 283M, peak: 316M

vm_info: Java HotSpot(TM) 64-Bit Server VM (17.0.7+8-LTS-224) for windows-amd64 JRE (17.0.7+8-LTS-224), built on Feb 28 2023 23:03:02 by "mach5one" with MS VC++ 17.1 (VS2022)

END.
